The system is: Linux - 3.13.0-43-generic - x86_64
Compiling the C compiler identification source file "CMakeCCompilerId.c" succeeded.
Compiler: /usr/bin/cc 
Build flags: 
Id flags: 

The output was:
0


Compilation of the C compiler identification source "CMakeCCompilerId.c" produced "a.out"

The C compiler identification is GNU, found in "/home/jui-hsien/Research/gpu-wavesolver-repo/acoustics/gcc-build2/CMakeFiles/3.0.2/CompilerIdC/a.out"

Compiling the CXX compiler identification source file "CMakeCXXCompilerId.cpp" succeeded.
Compiler: /usr/bin/c++ 
Build flags: 
Id flags: 

The output was:
0


Compilation of the CXX compiler identification source "CMakeCXXCompilerId.cpp" produced "a.out"

The CXX compiler identification is GNU, found in "/home/jui-hsien/Research/gpu-wavesolver-repo/acoustics/gcc-build2/CMakeFiles/3.0.2/CompilerIdCXX/a.out"

Determining if the C compiler works passed with the following output:
Change Dir: /home/jui-hsien/Research/gpu-wavesolver-repo/acoustics/gcc-build2/CMakeFiles/CMakeTmp

Run Build Command:"/usr/bin/make" "cmTryCompileExec1154371453/fast"
/usr/bin/make -f CMakeFiles/cmTryCompileExec1154371453.dir/build.make CMakeFiles/cmTryCompileExec1154371453.dir/build
make[1]: Entering directory `/media/jui-hsien/General/Research/gpu-wavesolver-repo/acoustics/gcc-build2/CMakeFiles/CMakeTmp'
/usr/local/bin/cmake -E cmake_progress_report /home/jui-hsien/Research/gpu-wavesolver-repo/acoustics/gcc-build2/CMakeFiles/CMakeTmp/CMakeFiles 1
Building C object CMakeFiles/cmTryCompileExec1154371453.dir/testCCompiler.c.o
/usr/bin/cc    -o CMakeFiles/cmTryCompileExec1154371453.dir/testCCompiler.c.o   -c /home/jui-hsien/Research/gpu-wavesolver-repo/acoustics/gcc-build2/CMakeFiles/CMakeTmp/testCCompiler.c
Linking C executable cmTryCompileExec1154371453
/usr/local/bin/cmake -E cmake_link_script CMakeFiles/cmTryCompileExec1154371453.dir/link.txt --verbose=1
/usr/bin/cc       CMakeFiles/cmTryCompileExec1154371453.dir/testCCompiler.c.o  -o cmTryCompileExec1154371453 -rdynamic 
make[1]: Leaving directory `/media/jui-hsien/General/Research/gpu-wavesolver-repo/acoustics/gcc-build2/CMakeFiles/CMakeTmp'


Detecting C compiler ABI info compiled with the following output:
Change Dir: /home/jui-hsien/Research/gpu-wavesolver-repo/acoustics/gcc-build2/CMakeFiles/CMakeTmp

Run Build Command:"/usr/bin/make" "cmTryCompileExec1914836152/fast"
/usr/bin/make -f CMakeFiles/cmTryCompileExec1914836152.dir/build.make CMakeFiles/cmTryCompileExec1914836152.dir/build
make[1]: Entering directory `/media/jui-hsien/General/Research/gpu-wavesolver-repo/acoustics/gcc-build2/CMakeFiles/CMakeTmp'
/usr/local/bin/cmake -E cmake_progress_report /home/jui-hsien/Research/gpu-wavesolver-repo/acoustics/gcc-build2/CMakeFiles/CMakeTmp/CMakeFiles 1
Building C object CMakeFiles/cmTryCompileExec1914836152.dir/CMakeCCompilerABI.c.o
/usr/bin/cc    -o CMakeFiles/cmTryCompileExec1914836152.dir/CMakeCCompilerABI.c.o   -c /usr/local/share/cmake-3.0/Modules/CMakeCCompilerABI.c
Linking C executable cmTryCompileExec1914836152
/usr/local/bin/cmake -E cmake_link_script CMakeFiles/cmTryCompileExec1914836152.dir/link.txt --verbose=1
/usr/bin/cc     -v CMakeFiles/cmTryCompileExec1914836152.dir/CMakeCCompilerABI.c.o  -o cmTryCompileExec1914836152 -rdynamic  
Using built-in specs.
COLLECT_GCC=/usr/bin/cc
COLLECT_LTO_WRAPPER=/usr/lib/gcc/x86_64-linux-gnu/4.8/lto-wrapper
Target: x86_64-linux-gnu
Configured with: ../src/configure -v --with-pkgversion='Ubuntu 4.8.2-19ubuntu1' --with-bugurl=file:///usr/share/doc/gcc-4.8/README.Bugs --enable-languages=c,c++,java,go,d,fortran,objc,obj-c++ --prefix=/usr --program-suffix=-4.8 --enable-shared --enable-linker-build-id --libexecdir=/usr/lib --without-included-gettext --enable-threads=posix --with-gxx-include-dir=/usr/include/c++/4.8 --libdir=/usr/lib --enable-nls --with-sysroot=/ --enable-clocale=gnu --enable-libstdcxx-debug --enable-libstdcxx-time=yes --enable-gnu-unique-object --disable-libmudflap --enable-plugin --with-system-zlib --disable-browser-plugin --enable-java-awt=gtk --enable-gtk-cairo --with-java-home=/usr/lib/jvm/java-1.5.0-gcj-4.8-amd64/jre --enable-java-home --with-jvm-root-dir=/usr/lib/jvm/java-1.5.0-gcj-4.8-amd64 --with-jvm-jar-dir=/usr/lib/jvm-exports/java-1.5.0-gcj-4.8-amd64 --with-arch-directory=amd64 --with-ecj-jar=/usr/share/java/eclipse-ecj.jar --enable-objc-gc --enable-multiarch --disable-werror --with-arch-32=i686 --with-abi=m64 --with-multilib-list=m32,m64,mx32 --with-tune=generic --enable-checking=release --build=x86_64-linux-gnu --host=x86_64-linux-gnu --target=x86_64-linux-gnu
Thread model: posix
gcc version 4.8.2 (Ubuntu 4.8.2-19ubuntu1) 
COMPILER_PATH=/usr/lib/gcc/x86_64-linux-gnu/4.8/:/usr/lib/gcc/x86_64-linux-gnu/4.8/:/usr/lib/gcc/x86_64-linux-gnu/:/usr/lib/gcc/x86_64-linux-gnu/4.8/:/usr/lib/gcc/x86_64-linux-gnu/
LIBRARY_PATH=/usr/lib/gcc/x86_64-linux-gnu/4.8/:/usr/lib/gcc/x86_64-linux-gnu/4.8/../../../x86_64-linux-gnu/:/usr/lib/gcc/x86_64-linux-gnu/4.8/../../../../lib/:/lib/x86_64-linux-gnu/:/lib/../lib/:/usr/lib/x86_64-linux-gnu/:/usr/lib/../lib/:/opt/intel/composer_xe_2015.0.090/compiler/lib/intel64/:/opt/intel/composer_xe_2015.0.090/ipp/../compiler/lib/intel64/:/opt/intel/composer_xe_2015.0.090/ipp/lib/intel64/:/opt/intel/composer_xe_2015.0.090/compiler/lib/intel64/:/opt/intel/composer_xe_2015.0.090/mkl/lib/intel64/:/opt/intel/composer_xe_2015.0.090/tbb/lib/intel64/gcc4.4/:/opt/intel/composer_xe_2015.0.090/compiler/lib/intel64/:/opt/intel/composer_xe_2015.0.090/ipp/../compiler/lib/intel64/:/opt/intel/composer_xe_2015.0.090/ipp/lib/intel64/:/opt/intel/composer_xe_2015.0.090/compiler/lib/intel64/:/opt/intel/composer_xe_2015.0.090/mkl/lib/intel64/:/opt/intel/composer_xe_2015.0.090/tbb/lib/intel64/gcc4.4/:/usr/lib/gcc/x86_64-linux-gnu/4.8/../../../:/lib/:/usr/lib/
COLLECT_GCC_OPTIONS='-v' '-o' 'cmTryCompileExec1914836152' '-rdynamic' '-mtune=generic' '-march=x86-64'
 /usr/lib/gcc/x86_64-linux-gnu/4.8/collect2 --sysroot=/ --build-id --eh-frame-hdr -m elf_x86_64 --hash-style=gnu --as-needed -export-dynamic -dynamic-linker /lib64/ld-linux-x86-64.so.2 -z relro -o cmTryCompileExec1914836152 /usr/lib/gcc/x86_64-linux-gnu/4.8/../../../x86_64-linux-gnu/crt1.o /usr/lib/gcc/x86_64-linux-gnu/4.8/../../../x86_64-linux-gnu/crti.o /usr/lib/gcc/x86_64-linux-gnu/4.8/crtbegin.o -L/usr/lib/gcc/x86_64-linux-gnu/4.8 -L/usr/lib/gcc/x86_64-linux-gnu/4.8/../../../x86_64-linux-gnu -L/usr/lib/gcc/x86_64-linux-gnu/4.8/../../../../lib -L/lib/x86_64-linux-gnu -L/lib/../lib -L/usr/lib/x86_64-linux-gnu -L/usr/lib/../lib -L/opt/intel/composer_xe_2015.0.090/compiler/lib/intel64 -L/opt/intel/composer_xe_2015.0.090/ipp/../compiler/lib/intel64 -L/opt/intel/composer_xe_2015.0.090/ipp/lib/intel64 -L/opt/intel/composer_xe_2015.0.090/compiler/lib/intel64 -L/opt/intel/composer_xe_2015.0.090/mkl/lib/intel64 -L/opt/intel/composer_xe_2015.0.090/tbb/lib/intel64/gcc4.4 -L/opt/intel/composer_xe_2015.0.090/compiler/lib/intel64 -L/opt/intel/composer_xe_2015.0.090/ipp/../compiler/lib/intel64 -L/opt/intel/composer_xe_2015.0.090/ipp/lib/intel64 -L/opt/intel/composer_xe_2015.0.090/compiler/lib/intel64 -L/opt/intel/composer_xe_2015.0.090/mkl/lib/intel64 -L/opt/intel/composer_xe_2015.0.090/tbb/lib/intel64/gcc4.4 -L/usr/lib/gcc/x86_64-linux-gnu/4.8/../../.. CMakeFiles/cmTryCompileExec1914836152.dir/CMakeCCompilerABI.c.o -lgcc --as-needed -lgcc_s --no-as-needed -lc -lgcc --as-needed -lgcc_s --no-as-needed /usr/lib/gcc/x86_64-linux-gnu/4.8/crtend.o /usr/lib/gcc/x86_64-linux-gnu/4.8/../../../x86_64-linux-gnu/crtn.o
make[1]: Leaving directory `/media/jui-hsien/General/Research/gpu-wavesolver-repo/acoustics/gcc-build2/CMakeFiles/CMakeTmp'


Parsed C implicit link information from above output:
  link line regex: [^( *|.*[/\])(ld|([^/\]+-)?ld|collect2)[^/\]*( |$)]
  ignore line: [Change Dir: /home/jui-hsien/Research/gpu-wavesolver-repo/acoustics/gcc-build2/CMakeFiles/CMakeTmp]
  ignore line: []
  ignore line: [Run Build Command:"/usr/bin/make" "cmTryCompileExec1914836152/fast"]
  ignore line: [/usr/bin/make -f CMakeFiles/cmTryCompileExec1914836152.dir/build.make CMakeFiles/cmTryCompileExec1914836152.dir/build]
  ignore line: [make[1]: Entering directory `/media/jui-hsien/General/Research/gpu-wavesolver-repo/acoustics/gcc-build2/CMakeFiles/CMakeTmp']
  ignore line: [/usr/local/bin/cmake -E cmake_progress_report /home/jui-hsien/Research/gpu-wavesolver-repo/acoustics/gcc-build2/CMakeFiles/CMakeTmp/CMakeFiles 1]
  ignore line: [Building C object CMakeFiles/cmTryCompileExec1914836152.dir/CMakeCCompilerABI.c.o]
  ignore line: [/usr/bin/cc    -o CMakeFiles/cmTryCompileExec1914836152.dir/CMakeCCompilerABI.c.o   -c /usr/local/share/cmake-3.0/Modules/CMakeCCompilerABI.c]
  ignore line: [Linking C executable cmTryCompileExec1914836152]
  ignore line: [/usr/local/bin/cmake -E cmake_link_script CMakeFiles/cmTryCompileExec1914836152.dir/link.txt --verbose=1]
  ignore line: [/usr/bin/cc     -v CMakeFiles/cmTryCompileExec1914836152.dir/CMakeCCompilerABI.c.o  -o cmTryCompileExec1914836152 -rdynamic  ]
  ignore line: [Using built-in specs.]
  ignore line: [COLLECT_GCC=/usr/bin/cc]
  ignore line: [COLLECT_LTO_WRAPPER=/usr/lib/gcc/x86_64-linux-gnu/4.8/lto-wrapper]
  ignore line: [Target: x86_64-linux-gnu]
  ignore line: [Configured with: ../src/configure -v --with-pkgversion='Ubuntu 4.8.2-19ubuntu1' --with-bugurl=file:///usr/share/doc/gcc-4.8/README.Bugs --enable-languages=c,c++,java,go,d,fortran,objc,obj-c++ --prefix=/usr --program-suffix=-4.8 --enable-shared --enable-linker-build-id --libexecdir=/usr/lib --without-included-gettext --enable-threads=posix --with-gxx-include-dir=/usr/include/c++/4.8 --libdir=/usr/lib --enable-nls --with-sysroot=/ --enable-clocale=gnu --enable-libstdcxx-debug --enable-libstdcxx-time=yes --enable-gnu-unique-object --disable-libmudflap --enable-plugin --with-system-zlib --disable-browser-plugin --enable-java-awt=gtk --enable-gtk-cairo --with-java-home=/usr/lib/jvm/java-1.5.0-gcj-4.8-amd64/jre --enable-java-home --with-jvm-root-dir=/usr/lib/jvm/java-1.5.0-gcj-4.8-amd64 --with-jvm-jar-dir=/usr/lib/jvm-exports/java-1.5.0-gcj-4.8-amd64 --with-arch-directory=amd64 --with-ecj-jar=/usr/share/java/eclipse-ecj.jar --enable-objc-gc --enable-multiarch --disable-werror --with-arch-32=i686 --with-abi=m64 --with-multilib-list=m32,m64,mx32 --with-tune=generic --enable-checking=release --build=x86_64-linux-gnu --host=x86_64-linux-gnu --target=x86_64-linux-gnu]
  ignore line: [Thread model: posix]
  ignore line: [gcc version 4.8.2 (Ubuntu 4.8.2-19ubuntu1) ]
  ignore line: [COMPILER_PATH=/usr/lib/gcc/x86_64-linux-gnu/4.8/:/usr/lib/gcc/x86_64-linux-gnu/4.8/:/usr/lib/gcc/x86_64-linux-gnu/:/usr/lib/gcc/x86_64-linux-gnu/4.8/:/usr/lib/gcc/x86_64-linux-gnu/]
  ignore line: [LIBRARY_PATH=/usr/lib/gcc/x86_64-linux-gnu/4.8/:/usr/lib/gcc/x86_64-linux-gnu/4.8/../../../x86_64-linux-gnu/:/usr/lib/gcc/x86_64-linux-gnu/4.8/../../../../lib/:/lib/x86_64-linux-gnu/:/lib/../lib/:/usr/lib/x86_64-linux-gnu/:/usr/lib/../lib/:/opt/intel/composer_xe_2015.0.090/compiler/lib/intel64/:/opt/intel/composer_xe_2015.0.090/ipp/../compiler/lib/intel64/:/opt/intel/composer_xe_2015.0.090/ipp/lib/intel64/:/opt/intel/composer_xe_2015.0.090/compiler/lib/intel64/:/opt/intel/composer_xe_2015.0.090/mkl/lib/intel64/:/opt/intel/composer_xe_2015.0.090/tbb/lib/intel64/gcc4.4/:/opt/intel/composer_xe_2015.0.090/compiler/lib/intel64/:/opt/intel/composer_xe_2015.0.090/ipp/../compiler/lib/intel64/:/opt/intel/composer_xe_2015.0.090/ipp/lib/intel64/:/opt/intel/composer_xe_2015.0.090/compiler/lib/intel64/:/opt/intel/composer_xe_2015.0.090/mkl/lib/intel64/:/opt/intel/composer_xe_2015.0.090/tbb/lib/intel64/gcc4.4/:/usr/lib/gcc/x86_64-linux-gnu/4.8/../../../:/lib/:/usr/lib/]
  ignore line: [COLLECT_GCC_OPTIONS='-v' '-o' 'cmTryCompileExec1914836152' '-rdynamic' '-mtune=generic' '-march=x86-64']
  link line: [ /usr/lib/gcc/x86_64-linux-gnu/4.8/collect2 --sysroot=/ --build-id --eh-frame-hdr -m elf_x86_64 --hash-style=gnu --as-needed -export-dynamic -dynamic-linker /lib64/ld-linux-x86-64.so.2 -z relro -o cmTryCompileExec1914836152 /usr/lib/gcc/x86_64-linux-gnu/4.8/../../../x86_64-linux-gnu/crt1.o /usr/lib/gcc/x86_64-linux-gnu/4.8/../../../x86_64-linux-gnu/crti.o /usr/lib/gcc/x86_64-linux-gnu/4.8/crtbegin.o -L/usr/lib/gcc/x86_64-linux-gnu/4.8 -L/usr/lib/gcc/x86_64-linux-gnu/4.8/../../../x86_64-linux-gnu -L/usr/lib/gcc/x86_64-linux-gnu/4.8/../../../../lib -L/lib/x86_64-linux-gnu -L/lib/../lib -L/usr/lib/x86_64-linux-gnu -L/usr/lib/../lib -L/opt/intel/composer_xe_2015.0.090/compiler/lib/intel64 -L/opt/intel/composer_xe_2015.0.090/ipp/../compiler/lib/intel64 -L/opt/intel/composer_xe_2015.0.090/ipp/lib/intel64 -L/opt/intel/composer_xe_2015.0.090/compiler/lib/intel64 -L/opt/intel/composer_xe_2015.0.090/mkl/lib/intel64 -L/opt/intel/composer_xe_2015.0.090/tbb/lib/intel64/gcc4.4 -L/opt/intel/composer_xe_2015.0.090/compiler/lib/intel64 -L/opt/intel/composer_xe_2015.0.090/ipp/../compiler/lib/intel64 -L/opt/intel/composer_xe_2015.0.090/ipp/lib/intel64 -L/opt/intel/composer_xe_2015.0.090/compiler/lib/intel64 -L/opt/intel/composer_xe_2015.0.090/mkl/lib/intel64 -L/opt/intel/composer_xe_2015.0.090/tbb/lib/intel64/gcc4.4 -L/usr/lib/gcc/x86_64-linux-gnu/4.8/../../.. CMakeFiles/cmTryCompileExec1914836152.dir/CMakeCCompilerABI.c.o -lgcc --as-needed -lgcc_s --no-as-needed -lc -lgcc --as-needed -lgcc_s --no-as-needed /usr/lib/gcc/x86_64-linux-gnu/4.8/crtend.o /usr/lib/gcc/x86_64-linux-gnu/4.8/../../../x86_64-linux-gnu/crtn.o]
    arg [/usr/lib/gcc/x86_64-linux-gnu/4.8/collect2] ==> ignore
    arg [--sysroot=/] ==> ignore
    arg [--build-id] ==> ignore
    arg [--eh-frame-hdr] ==> ignore
    arg [-m] ==> ignore
    arg [elf_x86_64] ==> ignore
    arg [--hash-style=gnu] ==> ignore
    arg [--as-needed] ==> ignore
    arg [-export-dynamic] ==> ignore
    arg [-dynamic-linker] ==> ignore
    arg [/lib64/ld-linux-x86-64.so.2] ==> ignore
    arg [-zrelro] ==> ignore
    arg [-o] ==> ignore
    arg [cmTryCompileExec1914836152] ==> ignore
    arg [/usr/lib/gcc/x86_64-linux-gnu/4.8/../../../x86_64-linux-gnu/crt1.o] ==> ignore
    arg [/usr/lib/gcc/x86_64-linux-gnu/4.8/../../../x86_64-linux-gnu/crti.o] ==> ignore
    arg [/usr/lib/gcc/x86_64-linux-gnu/4.8/crtbegin.o] ==> ignore
    arg [-L/usr/lib/gcc/x86_64-linux-gnu/4.8] ==> dir [/usr/lib/gcc/x86_64-linux-gnu/4.8]
    arg [-L/usr/lib/gcc/x86_64-linux-gnu/4.8/../../../x86_64-linux-gnu] ==> dir [/usr/lib/gcc/x86_64-linux-gnu/4.8/../../../x86_64-linux-gnu]
    arg [-L/usr/lib/gcc/x86_64-linux-gnu/4.8/../../../../lib] ==> dir [/usr/lib/gcc/x86_64-linux-gnu/4.8/../../../../lib]
    arg [-L/lib/x86_64-linux-gnu] ==> dir [/lib/x86_64-linux-gnu]
    arg [-L/lib/../lib] ==> dir [/lib/../lib]
    arg [-L/usr/lib/x86_64-linux-gnu] ==> dir [/usr/lib/x86_64-linux-gnu]
    arg [-L/usr/lib/../lib] ==> dir [/usr/lib/../lib]
    arg [-L/opt/intel/composer_xe_2015.0.090/compiler/lib/intel64] ==> dir [/opt/intel/composer_xe_2015.0.090/compiler/lib/intel64]
    arg [-L/opt/intel/composer_xe_2015.0.090/ipp/../compiler/lib/intel64] ==> dir [/opt/intel/composer_xe_2015.0.090/ipp/../compiler/lib/intel64]
    arg [-L/opt/intel/composer_xe_2015.0.090/ipp/lib/intel64] ==> dir [/opt/intel/composer_xe_2015.0.090/ipp/lib/intel64]
    arg [-L/opt/intel/composer_xe_2015.0.090/compiler/lib/intel64] ==> dir [/opt/intel/composer_xe_2015.0.090/compiler/lib/intel64]
    arg [-L/opt/intel/composer_xe_2015.0.090/mkl/lib/intel64] ==> dir [/opt/intel/composer_xe_2015.0.090/mkl/lib/intel64]
    arg [-L/opt/intel/composer_xe_2015.0.090/tbb/lib/intel64/gcc4.4] ==> dir [/opt/intel/composer_xe_2015.0.090/tbb/lib/intel64/gcc4.4]
    arg [-L/opt/intel/composer_xe_2015.0.090/compiler/lib/intel64] ==> dir [/opt/intel/composer_xe_2015.0.090/compiler/lib/intel64]
    arg [-L/opt/intel/composer_xe_2015.0.090/ipp/../compiler/lib/intel64] ==> dir [/opt/intel/composer_xe_2015.0.090/ipp/../compiler/lib/intel64]
    arg [-L/opt/intel/composer_xe_2015.0.090/ipp/lib/intel64] ==> dir [/opt/intel/composer_xe_2015.0.090/ipp/lib/intel64]
    arg [-L/opt/intel/composer_xe_2015.0.090/compiler/lib/intel64] ==> dir [/opt/intel/composer_xe_2015.0.090/compiler/lib/intel64]
    arg [-L/opt/intel/composer_xe_2015.0.090/mkl/lib/intel64] ==> dir [/opt/intel/composer_xe_2015.0.090/mkl/lib/intel64]
    arg [-L/opt/intel/composer_xe_2015.0.090/tbb/lib/intel64/gcc4.4] ==> dir [/opt/intel/composer_xe_2015.0.090/tbb/lib/intel64/gcc4.4]
    arg [-L/usr/lib/gcc/x86_64-linux-gnu/4.8/../../..] ==> dir [/usr/lib/gcc/x86_64-linux-gnu/4.8/../../..]
    arg [CMakeFiles/cmTryCompileExec1914836152.dir/CMakeCCompilerABI.c.o] ==> ignore
    arg [-lgcc] ==> lib [gcc]
    arg [--as-needed] ==> ignore
    arg [-lgcc_s] ==> lib [gcc_s]
    arg [--no-as-needed] ==> ignore
    arg [-lc] ==> lib [c]
    arg [-lgcc] ==> lib [gcc]
    arg [--as-needed] ==> ignore
    arg [-lgcc_s] ==> lib [gcc_s]
    arg [--no-as-needed] ==> ignore
    arg [/usr/lib/gcc/x86_64-linux-gnu/4.8/crtend.o] ==> ignore
    arg [/usr/lib/gcc/x86_64-linux-gnu/4.8/../../../x86_64-linux-gnu/crtn.o] ==> ignore
  remove lib [gcc]
  remove lib [gcc_s]
  remove lib [gcc]
  remove lib [gcc_s]
  collapse library dir [/usr/lib/gcc/x86_64-linux-gnu/4.8] ==> [/usr/lib/gcc/x86_64-linux-gnu/4.8]
  collapse library dir [/usr/lib/gcc/x86_64-linux-gnu/4.8/../../../x86_64-linux-gnu] ==> [/usr/lib/x86_64-linux-gnu]
  collapse library dir [/usr/lib/gcc/x86_64-linux-gnu/4.8/../../../../lib] ==> [/usr/lib]
  collapse library dir [/lib/x86_64-linux-gnu] ==> [/lib/x86_64-linux-gnu]
  collapse library dir [/lib/../lib] ==> [/lib]
  collapse library dir [/usr/lib/x86_64-linux-gnu] ==> [/usr/lib/x86_64-linux-gnu]
  collapse library dir [/usr/lib/../lib] ==> [/usr/lib]
  collapse library dir [/opt/intel/composer_xe_2015.0.090/compiler/lib/intel64] ==> [/opt/intel/composer_xe_2015.0.090/compiler/lib/intel64]
  collapse library dir [/opt/intel/composer_xe_2015.0.090/ipp/../compiler/lib/intel64] ==> [/opt/intel/composer_xe_2015.0.090/compiler/lib/intel64]
  collapse library dir [/opt/intel/composer_xe_2015.0.090/ipp/lib/intel64] ==> [/opt/intel/composer_xe_2015.0.090/ipp/lib/intel64]
  collapse library dir [/opt/intel/composer_xe_2015.0.090/compiler/lib/intel64] ==> [/opt/intel/composer_xe_2015.0.090/compiler/lib/intel64]
  collapse library dir [/opt/intel/composer_xe_2015.0.090/mkl/lib/intel64] ==> [/opt/intel/composer_xe_2015.0.090/mkl/lib/intel64]
  collapse library dir [/opt/intel/composer_xe_2015.0.090/tbb/lib/intel64/gcc4.4] ==> [/opt/intel/composer_xe_2015.0.090/tbb/lib/intel64/gcc4.4]
  collapse library dir [/opt/intel/composer_xe_2015.0.090/compiler/lib/intel64] ==> [/opt/intel/composer_xe_2015.0.090/compiler/lib/intel64]
  collapse library dir [/opt/intel/composer_xe_2015.0.090/ipp/../compiler/lib/intel64] ==> [/opt/intel/composer_xe_2015.0.090/compiler/lib/intel64]
  collapse library dir [/opt/intel/composer_xe_2015.0.090/ipp/lib/intel64] ==> [/opt/intel/composer_xe_2015.0.090/ipp/lib/intel64]
  collapse library dir [/opt/intel/composer_xe_2015.0.090/compiler/lib/intel64] ==> [/opt/intel/composer_xe_2015.0.090/compiler/lib/intel64]
  collapse library dir [/opt/intel/composer_xe_2015.0.090/mkl/lib/intel64] ==> [/opt/intel/composer_xe_2015.0.090/mkl/lib/intel64]
  collapse library dir [/opt/intel/composer_xe_2015.0.090/tbb/lib/intel64/gcc4.4] ==> [/opt/intel/composer_xe_2015.0.090/tbb/lib/intel64/gcc4.4]
  collapse library dir [/usr/lib/gcc/x86_64-linux-gnu/4.8/../../..] ==> [/usr/lib]
  implicit libs: [c]
  implicit dirs: [/usr/lib/gcc/x86_64-linux-gnu/4.8;/usr/lib/x86_64-linux-gnu;/usr/lib;/lib/x86_64-linux-gnu;/lib;/opt/intel/composer_xe_2015.0.090/compiler/lib/intel64;/opt/intel/composer_xe_2015.0.090/ipp/lib/intel64;/opt/intel/composer_xe_2015.0.090/mkl/lib/intel64;/opt/intel/composer_xe_2015.0.090/tbb/lib/intel64/gcc4.4]
  implicit fwks: []


Determining if the CXX compiler works passed with the following output:
Change Dir: /home/jui-hsien/Research/gpu-wavesolver-repo/acoustics/gcc-build2/CMakeFiles/CMakeTmp

Run Build Command:"/usr/bin/make" "cmTryCompileExec3265049007/fast"
/usr/bin/make -f CMakeFiles/cmTryCompileExec3265049007.dir/build.make CMakeFiles/cmTryCompileExec3265049007.dir/build
make[1]: Entering directory `/media/jui-hsien/General/Research/gpu-wavesolver-repo/acoustics/gcc-build2/CMakeFiles/CMakeTmp'
/usr/local/bin/cmake -E cmake_progress_report /home/jui-hsien/Research/gpu-wavesolver-repo/acoustics/gcc-build2/CMakeFiles/CMakeTmp/CMakeFiles 1
Building CXX object CMakeFiles/cmTryCompileExec3265049007.dir/testCXXCompiler.cxx.o
/usr/bin/c++     -o CMakeFiles/cmTryCompileExec3265049007.dir/testCXXCompiler.cxx.o -c /home/jui-hsien/Research/gpu-wavesolver-repo/acoustics/gcc-build2/CMakeFiles/CMakeTmp/testCXXCompiler.cxx
Linking CXX executable cmTryCompileExec3265049007
/usr/local/bin/cmake -E cmake_link_script CMakeFiles/cmTryCompileExec3265049007.dir/link.txt --verbose=1
/usr/bin/c++        CMakeFiles/cmTryCompileExec3265049007.dir/testCXXCompiler.cxx.o  -o cmTryCompileExec3265049007 -rdynamic 
make[1]: Leaving directory `/media/jui-hsien/General/Research/gpu-wavesolver-repo/acoustics/gcc-build2/CMakeFiles/CMakeTmp'


Detecting CXX compiler ABI info compiled with the following output:
Change Dir: /home/jui-hsien/Research/gpu-wavesolver-repo/acoustics/gcc-build2/CMakeFiles/CMakeTmp

Run Build Command:"/usr/bin/make" "cmTryCompileExec2177902842/fast"
/usr/bin/make -f CMakeFiles/cmTryCompileExec2177902842.dir/build.make CMakeFiles/cmTryCompileExec2177902842.dir/build
make[1]: Entering directory `/media/jui-hsien/General/Research/gpu-wavesolver-repo/acoustics/gcc-build2/CMakeFiles/CMakeTmp'
/usr/local/bin/cmake -E cmake_progress_report /home/jui-hsien/Research/gpu-wavesolver-repo/acoustics/gcc-build2/CMakeFiles/CMakeTmp/CMakeFiles 1
Building CXX object CMakeFiles/cmTryCompileExec2177902842.dir/CMakeCXXCompilerABI.cpp.o
/usr/bin/c++     -o CMakeFiles/cmTryCompileExec2177902842.dir/CMakeCXXCompilerABI.cpp.o -c /usr/local/share/cmake-3.0/Modules/CMakeCXXCompilerABI.cpp
Linking CXX executable cmTryCompileExec2177902842
/usr/local/bin/cmake -E cmake_link_script CMakeFiles/cmTryCompileExec2177902842.dir/link.txt --verbose=1
/usr/bin/c++      -v CMakeFiles/cmTryCompileExec2177902842.dir/CMakeCXXCompilerABI.cpp.o  -o cmTryCompileExec2177902842 -rdynamic  
Using built-in specs.
COLLECT_GCC=/usr/bin/c++
COLLECT_LTO_WRAPPER=/usr/lib/gcc/x86_64-linux-gnu/4.8/lto-wrapper
Target: x86_64-linux-gnu
Configured with: ../src/configure -v --with-pkgversion='Ubuntu 4.8.2-19ubuntu1' --with-bugurl=file:///usr/share/doc/gcc-4.8/README.Bugs --enable-languages=c,c++,java,go,d,fortran,objc,obj-c++ --prefix=/usr --program-suffix=-4.8 --enable-shared --enable-linker-build-id --libexecdir=/usr/lib --without-included-gettext --enable-threads=posix --with-gxx-include-dir=/usr/include/c++/4.8 --libdir=/usr/lib --enable-nls --with-sysroot=/ --enable-clocale=gnu --enable-libstdcxx-debug --enable-libstdcxx-time=yes --enable-gnu-unique-object --disable-libmudflap --enable-plugin --with-system-zlib --disable-browser-plugin --enable-java-awt=gtk --enable-gtk-cairo --with-java-home=/usr/lib/jvm/java-1.5.0-gcj-4.8-amd64/jre --enable-java-home --with-jvm-root-dir=/usr/lib/jvm/java-1.5.0-gcj-4.8-amd64 --with-jvm-jar-dir=/usr/lib/jvm-exports/java-1.5.0-gcj-4.8-amd64 --with-arch-directory=amd64 --with-ecj-jar=/usr/share/java/eclipse-ecj.jar --enable-objc-gc --enable-multiarch --disable-werror --with-arch-32=i686 --with-abi=m64 --with-multilib-list=m32,m64,mx32 --with-tune=generic --enable-checking=release --build=x86_64-linux-gnu --host=x86_64-linux-gnu --target=x86_64-linux-gnu
Thread model: posix
gcc version 4.8.2 (Ubuntu 4.8.2-19ubuntu1) 
COMPILER_PATH=/usr/lib/gcc/x86_64-linux-gnu/4.8/:/usr/lib/gcc/x86_64-linux-gnu/4.8/:/usr/lib/gcc/x86_64-linux-gnu/:/usr/lib/gcc/x86_64-linux-gnu/4.8/:/usr/lib/gcc/x86_64-linux-gnu/
LIBRARY_PATH=/usr/lib/gcc/x86_64-linux-gnu/4.8/:/usr/lib/gcc/x86_64-linux-gnu/4.8/../../../x86_64-linux-gnu/:/usr/lib/gcc/x86_64-linux-gnu/4.8/../../../../lib/:/lib/x86_64-linux-gnu/:/lib/../lib/:/usr/lib/x86_64-linux-gnu/:/usr/lib/../lib/:/opt/intel/composer_xe_2015.0.090/compiler/lib/intel64/:/opt/intel/composer_xe_2015.0.090/ipp/../compiler/lib/intel64/:/opt/intel/composer_xe_2015.0.090/ipp/lib/intel64/:/opt/intel/composer_xe_2015.0.090/compiler/lib/intel64/:/opt/intel/composer_xe_2015.0.090/mkl/lib/intel64/:/opt/intel/composer_xe_2015.0.090/tbb/lib/intel64/gcc4.4/:/opt/intel/composer_xe_2015.0.090/compiler/lib/intel64/:/opt/intel/composer_xe_2015.0.090/ipp/../compiler/lib/intel64/:/opt/intel/composer_xe_2015.0.090/ipp/lib/intel64/:/opt/intel/composer_xe_2015.0.090/compiler/lib/intel64/:/opt/intel/composer_xe_2015.0.090/mkl/lib/intel64/:/opt/intel/composer_xe_2015.0.090/tbb/lib/intel64/gcc4.4/:/usr/lib/gcc/x86_64-linux-gnu/4.8/../../../:/lib/:/usr/lib/
COLLECT_GCC_OPTIONS='-v' '-o' 'cmTryCompileExec2177902842' '-rdynamic' '-shared-libgcc' '-mtune=generic' '-march=x86-64'
 /usr/lib/gcc/x86_64-linux-gnu/4.8/collect2 --sysroot=/ --build-id --eh-frame-hdr -m elf_x86_64 --hash-style=gnu --as-needed -export-dynamic -dynamic-linker /lib64/ld-linux-x86-64.so.2 -z relro -o cmTryCompileExec2177902842 /usr/lib/gcc/x86_64-linux-gnu/4.8/../../../x86_64-linux-gnu/crt1.o /usr/lib/gcc/x86_64-linux-gnu/4.8/../../../x86_64-linux-gnu/crti.o /usr/lib/gcc/x86_64-linux-gnu/4.8/crtbegin.o -L/usr/lib/gcc/x86_64-linux-gnu/4.8 -L/usr/lib/gcc/x86_64-linux-gnu/4.8/../../../x86_64-linux-gnu -L/usr/lib/gcc/x86_64-linux-gnu/4.8/../../../../lib -L/lib/x86_64-linux-gnu -L/lib/../lib -L/usr/lib/x86_64-linux-gnu -L/usr/lib/../lib -L/opt/intel/composer_xe_2015.0.090/compiler/lib/intel64 -L/opt/intel/composer_xe_2015.0.090/ipp/../compiler/lib/intel64 -L/opt/intel/composer_xe_2015.0.090/ipp/lib/intel64 -L/opt/intel/composer_xe_2015.0.090/compiler/lib/intel64 -L/opt/intel/composer_xe_2015.0.090/mkl/lib/intel64 -L/opt/intel/composer_xe_2015.0.090/tbb/lib/intel64/gcc4.4 -L/opt/intel/composer_xe_2015.0.090/compiler/lib/intel64 -L/opt/intel/composer_xe_2015.0.090/ipp/../compiler/lib/intel64 -L/opt/intel/composer_xe_2015.0.090/ipp/lib/intel64 -L/opt/intel/composer_xe_2015.0.090/compiler/lib/intel64 -L/opt/intel/composer_xe_2015.0.090/mkl/lib/intel64 -L/opt/intel/composer_xe_2015.0.090/tbb/lib/intel64/gcc4.4 -L/usr/lib/gcc/x86_64-linux-gnu/4.8/../../.. CMakeFiles/cmTryCompileExec2177902842.dir/CMakeCXXCompilerABI.cpp.o -lstdc++ -lm -lgcc_s -lgcc -lc -lgcc_s -lgcc /usr/lib/gcc/x86_64-linux-gnu/4.8/crtend.o /usr/lib/gcc/x86_64-linux-gnu/4.8/../../../x86_64-linux-gnu/crtn.o
make[1]: Leaving directory `/media/jui-hsien/General/Research/gpu-wavesolver-repo/acoustics/gcc-build2/CMakeFiles/CMakeTmp'


Parsed CXX implicit link information from above output:
  link line regex: [^( *|.*[/\])(ld|([^/\]+-)?ld|collect2)[^/\]*( |$)]
  ignore line: [Change Dir: /home/jui-hsien/Research/gpu-wavesolver-repo/acoustics/gcc-build2/CMakeFiles/CMakeTmp]
  ignore line: []
  ignore line: [Run Build Command:"/usr/bin/make" "cmTryCompileExec2177902842/fast"]
  ignore line: [/usr/bin/make -f CMakeFiles/cmTryCompileExec2177902842.dir/build.make CMakeFiles/cmTryCompileExec2177902842.dir/build]
  ignore line: [make[1]: Entering directory `/media/jui-hsien/General/Research/gpu-wavesolver-repo/acoustics/gcc-build2/CMakeFiles/CMakeTmp']
  ignore line: [/usr/local/bin/cmake -E cmake_progress_report /home/jui-hsien/Research/gpu-wavesolver-repo/acoustics/gcc-build2/CMakeFiles/CMakeTmp/CMakeFiles 1]
  ignore line: [Building CXX object CMakeFiles/cmTryCompileExec2177902842.dir/CMakeCXXCompilerABI.cpp.o]
  ignore line: [/usr/bin/c++     -o CMakeFiles/cmTryCompileExec2177902842.dir/CMakeCXXCompilerABI.cpp.o -c /usr/local/share/cmake-3.0/Modules/CMakeCXXCompilerABI.cpp]
  ignore line: [Linking CXX executable cmTryCompileExec2177902842]
  ignore line: [/usr/local/bin/cmake -E cmake_link_script CMakeFiles/cmTryCompileExec2177902842.dir/link.txt --verbose=1]
  ignore line: [/usr/bin/c++      -v CMakeFiles/cmTryCompileExec2177902842.dir/CMakeCXXCompilerABI.cpp.o  -o cmTryCompileExec2177902842 -rdynamic  ]
  ignore line: [Using built-in specs.]
  ignore line: [COLLECT_GCC=/usr/bin/c++]
  ignore line: [COLLECT_LTO_WRAPPER=/usr/lib/gcc/x86_64-linux-gnu/4.8/lto-wrapper]
  ignore line: [Target: x86_64-linux-gnu]
  ignore line: [Configured with: ../src/configure -v --with-pkgversion='Ubuntu 4.8.2-19ubuntu1' --with-bugurl=file:///usr/share/doc/gcc-4.8/README.Bugs --enable-languages=c,c++,java,go,d,fortran,objc,obj-c++ --prefix=/usr --program-suffix=-4.8 --enable-shared --enable-linker-build-id --libexecdir=/usr/lib --without-included-gettext --enable-threads=posix --with-gxx-include-dir=/usr/include/c++/4.8 --libdir=/usr/lib --enable-nls --with-sysroot=/ --enable-clocale=gnu --enable-libstdcxx-debug --enable-libstdcxx-time=yes --enable-gnu-unique-object --disable-libmudflap --enable-plugin --with-system-zlib --disable-browser-plugin --enable-java-awt=gtk --enable-gtk-cairo --with-java-home=/usr/lib/jvm/java-1.5.0-gcj-4.8-amd64/jre --enable-java-home --with-jvm-root-dir=/usr/lib/jvm/java-1.5.0-gcj-4.8-amd64 --with-jvm-jar-dir=/usr/lib/jvm-exports/java-1.5.0-gcj-4.8-amd64 --with-arch-directory=amd64 --with-ecj-jar=/usr/share/java/eclipse-ecj.jar --enable-objc-gc --enable-multiarch --disable-werror --with-arch-32=i686 --with-abi=m64 --with-multilib-list=m32,m64,mx32 --with-tune=generic --enable-checking=release --build=x86_64-linux-gnu --host=x86_64-linux-gnu --target=x86_64-linux-gnu]
  ignore line: [Thread model: posix]
  ignore line: [gcc version 4.8.2 (Ubuntu 4.8.2-19ubuntu1) ]
  ignore line: [COMPILER_PATH=/usr/lib/gcc/x86_64-linux-gnu/4.8/:/usr/lib/gcc/x86_64-linux-gnu/4.8/:/usr/lib/gcc/x86_64-linux-gnu/:/usr/lib/gcc/x86_64-linux-gnu/4.8/:/usr/lib/gcc/x86_64-linux-gnu/]
  ignore line: [LIBRARY_PATH=/usr/lib/gcc/x86_64-linux-gnu/4.8/:/usr/lib/gcc/x86_64-linux-gnu/4.8/../../../x86_64-linux-gnu/:/usr/lib/gcc/x86_64-linux-gnu/4.8/../../../../lib/:/lib/x86_64-linux-gnu/:/lib/../lib/:/usr/lib/x86_64-linux-gnu/:/usr/lib/../lib/:/opt/intel/composer_xe_2015.0.090/compiler/lib/intel64/:/opt/intel/composer_xe_2015.0.090/ipp/../compiler/lib/intel64/:/opt/intel/composer_xe_2015.0.090/ipp/lib/intel64/:/opt/intel/composer_xe_2015.0.090/compiler/lib/intel64/:/opt/intel/composer_xe_2015.0.090/mkl/lib/intel64/:/opt/intel/composer_xe_2015.0.090/tbb/lib/intel64/gcc4.4/:/opt/intel/composer_xe_2015.0.090/compiler/lib/intel64/:/opt/intel/composer_xe_2015.0.090/ipp/../compiler/lib/intel64/:/opt/intel/composer_xe_2015.0.090/ipp/lib/intel64/:/opt/intel/composer_xe_2015.0.090/compiler/lib/intel64/:/opt/intel/composer_xe_2015.0.090/mkl/lib/intel64/:/opt/intel/composer_xe_2015.0.090/tbb/lib/intel64/gcc4.4/:/usr/lib/gcc/x86_64-linux-gnu/4.8/../../../:/lib/:/usr/lib/]
  ignore line: [COLLECT_GCC_OPTIONS='-v' '-o' 'cmTryCompileExec2177902842' '-rdynamic' '-shared-libgcc' '-mtune=generic' '-march=x86-64']
  link line: [ /usr/lib/gcc/x86_64-linux-gnu/4.8/collect2 --sysroot=/ --build-id --eh-frame-hdr -m elf_x86_64 --hash-style=gnu --as-needed -export-dynamic -dynamic-linker /lib64/ld-linux-x86-64.so.2 -z relro -o cmTryCompileExec2177902842 /usr/lib/gcc/x86_64-linux-gnu/4.8/../../../x86_64-linux-gnu/crt1.o /usr/lib/gcc/x86_64-linux-gnu/4.8/../../../x86_64-linux-gnu/crti.o /usr/lib/gcc/x86_64-linux-gnu/4.8/crtbegin.o -L/usr/lib/gcc/x86_64-linux-gnu/4.8 -L/usr/lib/gcc/x86_64-linux-gnu/4.8/../../../x86_64-linux-gnu -L/usr/lib/gcc/x86_64-linux-gnu/4.8/../../../../lib -L/lib/x86_64-linux-gnu -L/lib/../lib -L/usr/lib/x86_64-linux-gnu -L/usr/lib/../lib -L/opt/intel/composer_xe_2015.0.090/compiler/lib/intel64 -L/opt/intel/composer_xe_2015.0.090/ipp/../compiler/lib/intel64 -L/opt/intel/composer_xe_2015.0.090/ipp/lib/intel64 -L/opt/intel/composer_xe_2015.0.090/compiler/lib/intel64 -L/opt/intel/composer_xe_2015.0.090/mkl/lib/intel64 -L/opt/intel/composer_xe_2015.0.090/tbb/lib/intel64/gcc4.4 -L/opt/intel/composer_xe_2015.0.090/compiler/lib/intel64 -L/opt/intel/composer_xe_2015.0.090/ipp/../compiler/lib/intel64 -L/opt/intel/composer_xe_2015.0.090/ipp/lib/intel64 -L/opt/intel/composer_xe_2015.0.090/compiler/lib/intel64 -L/opt/intel/composer_xe_2015.0.090/mkl/lib/intel64 -L/opt/intel/composer_xe_2015.0.090/tbb/lib/intel64/gcc4.4 -L/usr/lib/gcc/x86_64-linux-gnu/4.8/../../.. CMakeFiles/cmTryCompileExec2177902842.dir/CMakeCXXCompilerABI.cpp.o -lstdc++ -lm -lgcc_s -lgcc -lc -lgcc_s -lgcc /usr/lib/gcc/x86_64-linux-gnu/4.8/crtend.o /usr/lib/gcc/x86_64-linux-gnu/4.8/../../../x86_64-linux-gnu/crtn.o]
    arg [/usr/lib/gcc/x86_64-linux-gnu/4.8/collect2] ==> ignore
    arg [--sysroot=/] ==> ignore
    arg [--build-id] ==> ignore
    arg [--eh-frame-hdr] ==> ignore
    arg [-m] ==> ignore
    arg [elf_x86_64] ==> ignore
    arg [--hash-style=gnu] ==> ignore
    arg [--as-needed] ==> ignore
    arg [-export-dynamic] ==> ignore
    arg [-dynamic-linker] ==> ignore
    arg [/lib64/ld-linux-x86-64.so.2] ==> ignore
    arg [-zrelro] ==> ignore
    arg [-o] ==> ignore
    arg [cmTryCompileExec2177902842] ==> ignore
    arg [/usr/lib/gcc/x86_64-linux-gnu/4.8/../../../x86_64-linux-gnu/crt1.o] ==> ignore
    arg [/usr/lib/gcc/x86_64-linux-gnu/4.8/../../../x86_64-linux-gnu/crti.o] ==> ignore
    arg [/usr/lib/gcc/x86_64-linux-gnu/4.8/crtbegin.o] ==> ignore
    arg [-L/usr/lib/gcc/x86_64-linux-gnu/4.8] ==> dir [/usr/lib/gcc/x86_64-linux-gnu/4.8]
    arg [-L/usr/lib/gcc/x86_64-linux-gnu/4.8/../../../x86_64-linux-gnu] ==> dir [/usr/lib/gcc/x86_64-linux-gnu/4.8/../../../x86_64-linux-gnu]
    arg [-L/usr/lib/gcc/x86_64-linux-gnu/4.8/../../../../lib] ==> dir [/usr/lib/gcc/x86_64-linux-gnu/4.8/../../../../lib]
    arg [-L/lib/x86_64-linux-gnu] ==> dir [/lib/x86_64-linux-gnu]
    arg [-L/lib/../lib] ==> dir [/lib/../lib]
    arg [-L/usr/lib/x86_64-linux-gnu] ==> dir [/usr/lib/x86_64-linux-gnu]
    arg [-L/usr/lib/../lib] ==> dir [/usr/lib/../lib]
    arg [-L/opt/intel/composer_xe_2015.0.090/compiler/lib/intel64] ==> dir [/opt/intel/composer_xe_2015.0.090/compiler/lib/intel64]
    arg [-L/opt/intel/composer_xe_2015.0.090/ipp/../compiler/lib/intel64] ==> dir [/opt/intel/composer_xe_2015.0.090/ipp/../compiler/lib/intel64]
    arg [-L/opt/intel/composer_xe_2015.0.090/ipp/lib/intel64] ==> dir [/opt/intel/composer_xe_2015.0.090/ipp/lib/intel64]
    arg [-L/opt/intel/composer_xe_2015.0.090/compiler/lib/intel64] ==> dir [/opt/intel/composer_xe_2015.0.090/compiler/lib/intel64]
    arg [-L/opt/intel/composer_xe_2015.0.090/mkl/lib/intel64] ==> dir [/opt/intel/composer_xe_2015.0.090/mkl/lib/intel64]
    arg [-L/opt/intel/composer_xe_2015.0.090/tbb/lib/intel64/gcc4.4] ==> dir [/opt/intel/composer_xe_2015.0.090/tbb/lib/intel64/gcc4.4]
    arg [-L/opt/intel/composer_xe_2015.0.090/compiler/lib/intel64] ==> dir [/opt/intel/composer_xe_2015.0.090/compiler/lib/intel64]
    arg [-L/opt/intel/composer_xe_2015.0.090/ipp/../compiler/lib/intel64] ==> dir [/opt/intel/composer_xe_2015.0.090/ipp/../compiler/lib/intel64]
    arg [-L/opt/intel/composer_xe_2015.0.090/ipp/lib/intel64] ==> dir [/opt/intel/composer_xe_2015.0.090/ipp/lib/intel64]
    arg [-L/opt/intel/composer_xe_2015.0.090/compiler/lib/intel64] ==> dir [/opt/intel/composer_xe_2015.0.090/compiler/lib/intel64]
    arg [-L/opt/intel/composer_xe_2015.0.090/mkl/lib/intel64] ==> dir [/opt/intel/composer_xe_2015.0.090/mkl/lib/intel64]
    arg [-L/opt/intel/composer_xe_2015.0.090/tbb/lib/intel64/gcc4.4] ==> dir [/opt/intel/composer_xe_2015.0.090/tbb/lib/intel64/gcc4.4]
    arg [-L/usr/lib/gcc/x86_64-linux-gnu/4.8/../../..] ==> dir [/usr/lib/gcc/x86_64-linux-gnu/4.8/../../..]
    arg [CMakeFiles/cmTryCompileExec2177902842.dir/CMakeCXXCompilerABI.cpp.o] ==> ignore
    arg [-lstdc++] ==> lib [stdc++]
    arg [-lm] ==> lib [m]
    arg [-lgcc_s] ==> lib [gcc_s]
    arg [-lgcc] ==> lib [gcc]
    arg [-lc] ==> lib [c]
    arg [-lgcc_s] ==> lib [gcc_s]
    arg [-lgcc] ==> lib [gcc]
    arg [/usr/lib/gcc/x86_64-linux-gnu/4.8/crtend.o] ==> ignore
    arg [/usr/lib/gcc/x86_64-linux-gnu/4.8/../../../x86_64-linux-gnu/crtn.o] ==> ignore
  remove lib [gcc_s]
  remove lib [gcc]
  remove lib [gcc_s]
  remove lib [gcc]
  collapse library dir [/usr/lib/gcc/x86_64-linux-gnu/4.8] ==> [/usr/lib/gcc/x86_64-linux-gnu/4.8]
  collapse library dir [/usr/lib/gcc/x86_64-linux-gnu/4.8/../../../x86_64-linux-gnu] ==> [/usr/lib/x86_64-linux-gnu]
  collapse library dir [/usr/lib/gcc/x86_64-linux-gnu/4.8/../../../../lib] ==> [/usr/lib]
  collapse library dir [/lib/x86_64-linux-gnu] ==> [/lib/x86_64-linux-gnu]
  collapse library dir [/lib/../lib] ==> [/lib]
  collapse library dir [/usr/lib/x86_64-linux-gnu] ==> [/usr/lib/x86_64-linux-gnu]
  collapse library dir [/usr/lib/../lib] ==> [/usr/lib]
  collapse library dir [/opt/intel/composer_xe_2015.0.090/compiler/lib/intel64] ==> [/opt/intel/composer_xe_2015.0.090/compiler/lib/intel64]
  collapse library dir [/opt/intel/composer_xe_2015.0.090/ipp/../compiler/lib/intel64] ==> [/opt/intel/composer_xe_2015.0.090/compiler/lib/intel64]
  collapse library dir [/opt/intel/composer_xe_2015.0.090/ipp/lib/intel64] ==> [/opt/intel/composer_xe_2015.0.090/ipp/lib/intel64]
  collapse library dir [/opt/intel/composer_xe_2015.0.090/compiler/lib/intel64] ==> [/opt/intel/composer_xe_2015.0.090/compiler/lib/intel64]
  collapse library dir [/opt/intel/composer_xe_2015.0.090/mkl/lib/intel64] ==> [/opt/intel/composer_xe_2015.0.090/mkl/lib/intel64]
  collapse library dir [/opt/intel/composer_xe_2015.0.090/tbb/lib/intel64/gcc4.4] ==> [/opt/intel/composer_xe_2015.0.090/tbb/lib/intel64/gcc4.4]
  collapse library dir [/opt/intel/composer_xe_2015.0.090/compiler/lib/intel64] ==> [/opt/intel/composer_xe_2015.0.090/compiler/lib/intel64]
  collapse library dir [/opt/intel/composer_xe_2015.0.090/ipp/../compiler/lib/intel64] ==> [/opt/intel/composer_xe_2015.0.090/compiler/lib/intel64]
  collapse library dir [/opt/intel/composer_xe_2015.0.090/ipp/lib/intel64] ==> [/opt/intel/composer_xe_2015.0.090/ipp/lib/intel64]
  collapse library dir [/opt/intel/composer_xe_2015.0.090/compiler/lib/intel64] ==> [/opt/intel/composer_xe_2015.0.090/compiler/lib/intel64]
  collapse library dir [/opt/intel/composer_xe_2015.0.090/mkl/lib/intel64] ==> [/opt/intel/composer_xe_2015.0.090/mkl/lib/intel64]
  collapse library dir [/opt/intel/composer_xe_2015.0.090/tbb/lib/intel64/gcc4.4] ==> [/opt/intel/composer_xe_2015.0.090/tbb/lib/intel64/gcc4.4]
  collapse library dir [/usr/lib/gcc/x86_64-linux-gnu/4.8/../../..] ==> [/usr/lib]
  implicit libs: [stdc++;m;c]
  implicit dirs: [/usr/lib/gcc/x86_64-linux-gnu/4.8;/usr/lib/x86_64-linux-gnu;/usr/lib;/lib/x86_64-linux-gnu;/lib;/opt/intel/composer_xe_2015.0.090/compiler/lib/intel64;/opt/intel/composer_xe_2015.0.090/ipp/lib/intel64;/opt/intel/composer_xe_2015.0.090/mkl/lib/intel64;/opt/intel/composer_xe_2015.0.090/tbb/lib/intel64/gcc4.4]
  implicit fwks: []


Determining if the function XOpenDisplay exists in the /usr/lib/x86_64-linux-gnu/libX11.so;/usr/lib/x86_64-linux-gnu/libXext.so passed with the following output:
Change Dir: /home/jui-hsien/Research/gpu-wavesolver-repo/acoustics/gcc-build2/CMakeFiles/CMakeTmp

Run Build Command:"/usr/bin/make" "cmTryCompileExec600206256/fast"
/usr/bin/make -f CMakeFiles/cmTryCompileExec600206256.dir/build.make CMakeFiles/cmTryCompileExec600206256.dir/build
make[1]: Entering directory `/media/jui-hsien/General/Research/gpu-wavesolver-repo/acoustics/gcc-build2/CMakeFiles/CMakeTmp'
/usr/local/bin/cmake -E cmake_progress_report /home/jui-hsien/Research/gpu-wavesolver-repo/acoustics/gcc-build2/CMakeFiles/CMakeTmp/CMakeFiles 1
Building C object CMakeFiles/cmTryCompileExec600206256.dir/CheckFunctionExists.c.o
/usr/bin/cc   -DCHECK_FUNCTION_EXISTS=XOpenDisplay   -o CMakeFiles/cmTryCompileExec600206256.dir/CheckFunctionExists.c.o   -c /usr/local/share/cmake-3.0/Modules/CheckFunctionExists.c
Linking C executable cmTryCompileExec600206256
/usr/local/bin/cmake -E cmake_link_script CMakeFiles/cmTryCompileExec600206256.dir/link.txt --verbose=1
/usr/bin/cc   -DCHECK_FUNCTION_EXISTS=XOpenDisplay    CMakeFiles/cmTryCompileExec600206256.dir/CheckFunctionExists.c.o  -o cmTryCompileExec600206256 -rdynamic -lX11 -lXext 
make[1]: Leaving directory `/media/jui-hsien/General/Research/gpu-wavesolver-repo/acoustics/gcc-build2/CMakeFiles/CMakeTmp'


Determining if the function gethostbyname exists passed with the following output:
Change Dir: /home/jui-hsien/Research/gpu-wavesolver-repo/acoustics/gcc-build2/CMakeFiles/CMakeTmp

Run Build Command:"/usr/bin/make" "cmTryCompileExec3874823405/fast"
/usr/bin/make -f CMakeFiles/cmTryCompileExec3874823405.dir/build.make CMakeFiles/cmTryCompileExec3874823405.dir/build
make[1]: Entering directory `/media/jui-hsien/General/Research/gpu-wavesolver-repo/acoustics/gcc-build2/CMakeFiles/CMakeTmp'
/usr/local/bin/cmake -E cmake_progress_report /home/jui-hsien/Research/gpu-wavesolver-repo/acoustics/gcc-build2/CMakeFiles/CMakeTmp/CMakeFiles 1
Building C object CMakeFiles/cmTryCompileExec3874823405.dir/CheckFunctionExists.c.o
/usr/bin/cc   -DCHECK_FUNCTION_EXISTS=gethostbyname   -o CMakeFiles/cmTryCompileExec3874823405.dir/CheckFunctionExists.c.o   -c /usr/local/share/cmake-3.0/Modules/CheckFunctionExists.c
Linking C executable cmTryCompileExec3874823405
/usr/local/bin/cmake -E cmake_link_script CMakeFiles/cmTryCompileExec3874823405.dir/link.txt --verbose=1
/usr/bin/cc   -DCHECK_FUNCTION_EXISTS=gethostbyname    CMakeFiles/cmTryCompileExec3874823405.dir/CheckFunctionExists.c.o  -o cmTryCompileExec3874823405 -rdynamic 
make[1]: Leaving directory `/media/jui-hsien/General/Research/gpu-wavesolver-repo/acoustics/gcc-build2/CMakeFiles/CMakeTmp'


Determining if the function connect exists passed with the following output:
Change Dir: /home/jui-hsien/Research/gpu-wavesolver-repo/acoustics/gcc-build2/CMakeFiles/CMakeTmp

Run Build Command:"/usr/bin/make" "cmTryCompileExec3184890366/fast"
/usr/bin/make -f CMakeFiles/cmTryCompileExec3184890366.dir/build.make CMakeFiles/cmTryCompileExec3184890366.dir/build
make[1]: Entering directory `/media/jui-hsien/General/Research/gpu-wavesolver-repo/acoustics/gcc-build2/CMakeFiles/CMakeTmp'
/usr/local/bin/cmake -E cmake_progress_report /home/jui-hsien/Research/gpu-wavesolver-repo/acoustics/gcc-build2/CMakeFiles/CMakeTmp/CMakeFiles 1
Building C object CMakeFiles/cmTryCompileExec3184890366.dir/CheckFunctionExists.c.o
/usr/bin/cc   -DCHECK_FUNCTION_EXISTS=connect   -o CMakeFiles/cmTryCompileExec3184890366.dir/CheckFunctionExists.c.o   -c /usr/local/share/cmake-3.0/Modules/CheckFunctionExists.c
Linking C executable cmTryCompileExec3184890366
/usr/local/bin/cmake -E cmake_link_script CMakeFiles/cmTryCompileExec3184890366.dir/link.txt --verbose=1
/usr/bin/cc   -DCHECK_FUNCTION_EXISTS=connect    CMakeFiles/cmTryCompileExec3184890366.dir/CheckFunctionExists.c.o  -o cmTryCompileExec3184890366 -rdynamic 
make[1]: Leaving directory `/media/jui-hsien/General/Research/gpu-wavesolver-repo/acoustics/gcc-build2/CMakeFiles/CMakeTmp'


Determining if the function remove exists passed with the following output:
Change Dir: /home/jui-hsien/Research/gpu-wavesolver-repo/acoustics/gcc-build2/CMakeFiles/CMakeTmp

Run Build Command:"/usr/bin/make" "cmTryCompileExec3594431702/fast"
/usr/bin/make -f CMakeFiles/cmTryCompileExec3594431702.dir/build.make CMakeFiles/cmTryCompileExec3594431702.dir/build
make[1]: Entering directory `/media/jui-hsien/General/Research/gpu-wavesolver-repo/acoustics/gcc-build2/CMakeFiles/CMakeTmp'
/usr/local/bin/cmake -E cmake_progress_report /home/jui-hsien/Research/gpu-wavesolver-repo/acoustics/gcc-build2/CMakeFiles/CMakeTmp/CMakeFiles 1
Building C object CMakeFiles/cmTryCompileExec3594431702.dir/CheckFunctionExists.c.o
/usr/bin/cc   -DCHECK_FUNCTION_EXISTS=remove   -o CMakeFiles/cmTryCompileExec3594431702.dir/CheckFunctionExists.c.o   -c /usr/local/share/cmake-3.0/Modules/CheckFunctionExists.c
Linking C executable cmTryCompileExec3594431702
/usr/local/bin/cmake -E cmake_link_script CMakeFiles/cmTryCompileExec3594431702.dir/link.txt --verbose=1
/usr/bin/cc   -DCHECK_FUNCTION_EXISTS=remove    CMakeFiles/cmTryCompileExec3594431702.dir/CheckFunctionExists.c.o  -o cmTryCompileExec3594431702 -rdynamic 
make[1]: Leaving directory `/media/jui-hsien/General/Research/gpu-wavesolver-repo/acoustics/gcc-build2/CMakeFiles/CMakeTmp'


Determining if the function shmat exists passed with the following output:
Change Dir: /home/jui-hsien/Research/gpu-wavesolver-repo/acoustics/gcc-build2/CMakeFiles/CMakeTmp

Run Build Command:"/usr/bin/make" "cmTryCompileExec1481647405/fast"
/usr/bin/make -f CMakeFiles/cmTryCompileExec1481647405.dir/build.make CMakeFiles/cmTryCompileExec1481647405.dir/build
make[1]: Entering directory `/media/jui-hsien/General/Research/gpu-wavesolver-repo/acoustics/gcc-build2/CMakeFiles/CMakeTmp'
/usr/local/bin/cmake -E cmake_progress_report /home/jui-hsien/Research/gpu-wavesolver-repo/acoustics/gcc-build2/CMakeFiles/CMakeTmp/CMakeFiles 1
Building C object CMakeFiles/cmTryCompileExec1481647405.dir/CheckFunctionExists.c.o
/usr/bin/cc   -DCHECK_FUNCTION_EXISTS=shmat   -o CMakeFiles/cmTryCompileExec1481647405.dir/CheckFunctionExists.c.o   -c /usr/local/share/cmake-3.0/Modules/CheckFunctionExists.c
Linking C executable cmTryCompileExec1481647405
/usr/local/bin/cmake -E cmake_link_script CMakeFiles/cmTryCompileExec1481647405.dir/link.txt --verbose=1
/usr/bin/cc   -DCHECK_FUNCTION_EXISTS=shmat    CMakeFiles/cmTryCompileExec1481647405.dir/CheckFunctionExists.c.o  -o cmTryCompileExec1481647405 -rdynamic 
make[1]: Leaving directory `/media/jui-hsien/General/Research/gpu-wavesolver-repo/acoustics/gcc-build2/CMakeFiles/CMakeTmp'


Determining if the function IceConnectionNumber exists in the ICE passed with the following output:
Change Dir: /home/jui-hsien/Research/gpu-wavesolver-repo/acoustics/gcc-build2/CMakeFiles/CMakeTmp

Run Build Command:"/usr/bin/make" "cmTryCompileExec1319675890/fast"
/usr/bin/make -f CMakeFiles/cmTryCompileExec1319675890.dir/build.make CMakeFiles/cmTryCompileExec1319675890.dir/build
make[1]: Entering directory `/media/jui-hsien/General/Research/gpu-wavesolver-repo/acoustics/gcc-build2/CMakeFiles/CMakeTmp'
/usr/local/bin/cmake -E cmake_progress_report /home/jui-hsien/Research/gpu-wavesolver-repo/acoustics/gcc-build2/CMakeFiles/CMakeTmp/CMakeFiles 1
Building C object CMakeFiles/cmTryCompileExec1319675890.dir/CheckFunctionExists.c.o
/usr/bin/cc   -DCHECK_FUNCTION_EXISTS=IceConnectionNumber   -o CMakeFiles/cmTryCompileExec1319675890.dir/CheckFunctionExists.c.o   -c /usr/local/share/cmake-3.0/Modules/CheckFunctionExists.c
Linking C executable cmTryCompileExec1319675890
/usr/local/bin/cmake -E cmake_link_script CMakeFiles/cmTryCompileExec1319675890.dir/link.txt --verbose=1
/usr/bin/cc   -DCHECK_FUNCTION_EXISTS=IceConnectionNumber    CMakeFiles/cmTryCompileExec1319675890.dir/CheckFunctionExists.c.o  -o cmTryCompileExec1319675890 -rdynamic -lICE 
make[1]: Leaving directory `/media/jui-hsien/General/Research/gpu-wavesolver-repo/acoustics/gcc-build2/CMakeFiles/CMakeTmp'


