Determining if the Q_WS_WIN exist failed with the following output:
Change Dir: /home/jui-hsien/Research/gpu-wavesolver-repo/acoustics/gcc-build/CMakeFiles/CMakeTmp

Run Build Command:"/usr/bin/make" "cmTryCompileExec3329555633/fast"
/usr/bin/make -f CMakeFiles/cmTryCompileExec3329555633.dir/build.make CMakeFiles/cmTryCompileExec3329555633.dir/build
make[1]: Entering directory `/media/jui-hsien/General/Research/gpu-wavesolver-repo/acoustics/gcc-build/CMakeFiles/CMakeTmp'
/usr/local/bin/cmake -E cmake_progress_report /home/jui-hsien/Research/gpu-wavesolver-repo/acoustics/gcc-build/CMakeFiles/CMakeTmp/CMakeFiles 1
Building CXX object CMakeFiles/cmTryCompileExec3329555633.dir/CheckSymbolExists.cxx.o
/usr/bin/c++    -I/usr/include/qt4    -o CMakeFiles/cmTryCompileExec3329555633.dir/CheckSymbolExists.cxx.o -c /home/jui-hsien/Research/gpu-wavesolver-repo/acoustics/gcc-build/CMakeFiles/CMakeTmp/CheckSymbolExists.cxx
/home/jui-hsien/Research/gpu-wavesolver-repo/acoustics/gcc-build/CMakeFiles/CMakeTmp/CheckSymbolExists.cxx: In function ‘int main(int, char**)’:
/home/jui-hsien/Research/gpu-wavesolver-repo/acoustics/gcc-build/CMakeFiles/CMakeTmp/CheckSymbolExists.cxx:8:19: error: ‘Q_WS_WIN’ was not declared in this scope
   return ((int*)(&Q_WS_WIN))[argc];
                   ^
make[1]: *** [CMakeFiles/cmTryCompileExec3329555633.dir/CheckSymbolExists.cxx.o] Error 1
make[1]: Leaving directory `/media/jui-hsien/General/Research/gpu-wavesolver-repo/acoustics/gcc-build/CMakeFiles/CMakeTmp'
make: *** [cmTryCompileExec3329555633/fast] Error 2

File /home/jui-hsien/Research/gpu-wavesolver-repo/acoustics/gcc-build/CMakeFiles/CMakeTmp/CheckSymbolExists.cxx:
/* */
#include <QtCore/qglobal.h>

int main(int argc, char** argv)
{
  (void)argv;
#ifndef Q_WS_WIN
  return ((int*)(&Q_WS_WIN))[argc];
#else
  (void)argc;
  return 0;
#endif
}

Determining if the Q_WS_QWS exist failed with the following output:
Change Dir: /home/jui-hsien/Research/gpu-wavesolver-repo/acoustics/gcc-build/CMakeFiles/CMakeTmp

Run Build Command:"/usr/bin/make" "cmTryCompileExec612945995/fast"
/usr/bin/make -f CMakeFiles/cmTryCompileExec612945995.dir/build.make CMakeFiles/cmTryCompileExec612945995.dir/build
make[1]: Entering directory `/media/jui-hsien/General/Research/gpu-wavesolver-repo/acoustics/gcc-build/CMakeFiles/CMakeTmp'
/usr/local/bin/cmake -E cmake_progress_report /home/jui-hsien/Research/gpu-wavesolver-repo/acoustics/gcc-build/CMakeFiles/CMakeTmp/CMakeFiles 1
Building CXX object CMakeFiles/cmTryCompileExec612945995.dir/CheckSymbolExists.cxx.o
/usr/bin/c++    -I/usr/include/qt4    -o CMakeFiles/cmTryCompileExec612945995.dir/CheckSymbolExists.cxx.o -c /home/jui-hsien/Research/gpu-wavesolver-repo/acoustics/gcc-build/CMakeFiles/CMakeTmp/CheckSymbolExists.cxx
/home/jui-hsien/Research/gpu-wavesolver-repo/acoustics/gcc-build/CMakeFiles/CMakeTmp/CheckSymbolExists.cxx: In function ‘int main(int, char**)’:
/home/jui-hsien/Research/gpu-wavesolver-repo/acoustics/gcc-build/CMakeFiles/CMakeTmp/CheckSymbolExists.cxx:8:19: error: ‘Q_WS_QWS’ was not declared in this scope
   return ((int*)(&Q_WS_QWS))[argc];
                   ^
make[1]: *** [CMakeFiles/cmTryCompileExec612945995.dir/CheckSymbolExists.cxx.o] Error 1
make[1]: Leaving directory `/media/jui-hsien/General/Research/gpu-wavesolver-repo/acoustics/gcc-build/CMakeFiles/CMakeTmp'
make: *** [cmTryCompileExec612945995/fast] Error 2

File /home/jui-hsien/Research/gpu-wavesolver-repo/acoustics/gcc-build/CMakeFiles/CMakeTmp/CheckSymbolExists.cxx:
/* */
#include <QtCore/qglobal.h>

int main(int argc, char** argv)
{
  (void)argv;
#ifndef Q_WS_QWS
  return ((int*)(&Q_WS_QWS))[argc];
#else
  (void)argc;
  return 0;
#endif
}

Determining if the Q_WS_MAC exist failed with the following output:
Change Dir: /home/jui-hsien/Research/gpu-wavesolver-repo/acoustics/gcc-build/CMakeFiles/CMakeTmp

Run Build Command:"/usr/bin/make" "cmTryCompileExec1963205558/fast"
/usr/bin/make -f CMakeFiles/cmTryCompileExec1963205558.dir/build.make CMakeFiles/cmTryCompileExec1963205558.dir/build
make[1]: Entering directory `/media/jui-hsien/General/Research/gpu-wavesolver-repo/acoustics/gcc-build/CMakeFiles/CMakeTmp'
/usr/local/bin/cmake -E cmake_progress_report /home/jui-hsien/Research/gpu-wavesolver-repo/acoustics/gcc-build/CMakeFiles/CMakeTmp/CMakeFiles 1
Building CXX object CMakeFiles/cmTryCompileExec1963205558.dir/CheckSymbolExists.cxx.o
/usr/bin/c++    -I/usr/include/qt4    -o CMakeFiles/cmTryCompileExec1963205558.dir/CheckSymbolExists.cxx.o -c /home/jui-hsien/Research/gpu-wavesolver-repo/acoustics/gcc-build/CMakeFiles/CMakeTmp/CheckSymbolExists.cxx
/home/jui-hsien/Research/gpu-wavesolver-repo/acoustics/gcc-build/CMakeFiles/CMakeTmp/CheckSymbolExists.cxx: In function ‘int main(int, char**)’:
/home/jui-hsien/Research/gpu-wavesolver-repo/acoustics/gcc-build/CMakeFiles/CMakeTmp/CheckSymbolExists.cxx:8:19: error: ‘Q_WS_MAC’ was not declared in this scope
   return ((int*)(&Q_WS_MAC))[argc];
                   ^
make[1]: *** [CMakeFiles/cmTryCompileExec1963205558.dir/CheckSymbolExists.cxx.o] Error 1
make[1]: Leaving directory `/media/jui-hsien/General/Research/gpu-wavesolver-repo/acoustics/gcc-build/CMakeFiles/CMakeTmp'
make: *** [cmTryCompileExec1963205558/fast] Error 2

File /home/jui-hsien/Research/gpu-wavesolver-repo/acoustics/gcc-build/CMakeFiles/CMakeTmp/CheckSymbolExists.cxx:
/* */
#include <QtCore/qglobal.h>

int main(int argc, char** argv)
{
  (void)argv;
#ifndef Q_WS_MAC
  return ((int*)(&Q_WS_MAC))[argc];
#else
  (void)argc;
  return 0;
#endif
}

